Using pre-set license
Built from '6000.0/release' branch; Version is '6000.0.35f1 (9a3bc604008a) revision 10107846'; Using compiler version '193933523'; Build Type 'Release'
OS: 'Windows 11  (10.0.26100) 64bit Professional' Language: 'pt' Physical Memory: 12180 MB
BatchMode: 1, IsHumanControllingUs: 0, StartBugReporterOnCrash: 0, Is64bit: 1, IsPro: 1

COMMAND LINE ARGUMENTS:
C:\Unity\Unity.ver\Installs\6000.0.35f1\Editor\Unity.exe
-adb2
-batchMode
-noUpm
-name
AssetImportWorker0
-projectPath
C:/PucPr/Gerson-Haroldo/Pesadelo
-logFile
Logs/AssetImportWorker0.log
-srvPort
53182
-job-worker-count
5
-background-job-worker-count
8
-gc-helper-count
1
Successfully changed project path to: C:/PucPr/Gerson-Haroldo/Pesadelo
C:/PucPr/Gerson-Haroldo/Pesadelo
[UnityMemory] Configuration Parameters - Can be set up in boot.config
    "memorysetup-bucket-allocator-granularity=16"
    "memorysetup-bucket-allocator-bucket-count=8"
    "memorysetup-bucket-allocator-block-size=33554432"
    "memorysetup-bucket-allocator-block-count=8"
    "memorysetup-main-allocator-block-size=16777216"
    "memorysetup-thread-allocator-block-size=16777216"
    "memorysetup-gfx-main-allocator-block-size=16777216"
    "memorysetup-gfx-thread-allocator-block-size=16777216"
    "memorysetup-cache-allocator-block-size=4194304"
    "memorysetup-typetree-allocator-block-size=2097152"
    "memorysetup-profiler-bucket-allocator-granularity=16"
    "memorysetup-profiler-bucket-allocator-bucket-count=8"
    "memorysetup-profiler-bucket-allocator-block-size=33554432"
    "memorysetup-profiler-bucket-allocator-block-count=8"
    "memorysetup-profiler-allocator-block-size=16777216"
    "memorysetup-profiler-editor-allocator-block-size=1048576"
    "memorysetup-temp-allocator-size-main=16777216"
    "memorysetup-job-temp-allocator-block-size=2097152"
    "memorysetup-job-temp-allocator-block-size-background=1048576"
    "memorysetup-job-temp-allocator-reduction-small-platforms=262144"
    "memorysetup-allocator-temp-initial-block-size-main=262144"
    "memorysetup-allocator-temp-initial-block-size-worker=262144"
    "memorysetup-temp-allocator-size-background-worker=32768"
    "memorysetup-temp-allocator-size-job-worker=262144"
    "memorysetup-temp-allocator-size-preload-manager=33554432"
    "memorysetup-temp-allocator-size-nav-mesh-worker=65536"
    "memorysetup-temp-allocator-size-audio-worker=65536"
    "memorysetup-temp-allocator-size-cloud-worker=32768"
    "memorysetup-temp-allocator-size-gi-baking-worker=262144"
    "memorysetup-temp-allocator-size-gi-baking-worker=262144"
    "memorysetup-temp-allocator-size-gi-baking-worker=262144"
    "memorysetup-temp-allocator-size-gi-baking-worker=262144"
    "memorysetup-temp-allocator-size-gi-baking-worker=262144"
    "memorysetup-temp-allocator-size-gfx=262144"
Player connection [22784]  Target information:

Player connection [22784]  * "[IP] 192.168.15.9 [Port] 0 [Flags] 2 [Guid] 896459870 [EditorId] 896459870 [Version] 1048832 [Id] WindowsEditor(7,DESKTOP-AITJD1L) [Debug] 1 [PackageName] WindowsEditor [ProjectName] Editor" 

Player connection [22784] Host joined multi-casting on [225.0.0.222:54997]...
Player connection [22784] Host joined alternative multi-casting on [225.0.0.222:34997]...
JobSystem: Creating JobQueue using job-worker-count value 5
Input System module state changed to: Initialized.
[Physics::Module] Initialized fallback backend.
[Physics::Module] Id: 0xdecafbad
Library Redirect Path: Library/
[Physics::Module] Selected backend.
[Physics::Module] Name: PhysX
[Physics::Module] Id: 0xf2b8ea05
[Physics::Module] SDK Version: 4.1.2
[Physics::Module] Integration Version: 1.0.0
[Physics::Module] Threading Mode: Multi-Threaded
Refreshing native plugins compatible for Editor in 2.04 ms, found 3 plugins.
Preloading 0 native plugins for Editor in 0.00 ms.
Initialize engine version: 6000.0.35f1 (9a3bc604008a)
[Subsystems] Discovering subsystems at path C:/Unity/Unity.ver/Installs/6000.0.35f1/Editor/Data/Resources/UnitySubsystems
[Subsystems] Discovering subsystems at path C:/PucPr/Gerson-Haroldo/Pesadelo/Assets
GfxDevice: creating device client; kGfxThreadingModeNonThreaded
Direct3D:
    Version:  Direct3D 11.0 [level 11.1]
    Renderer: AMD Radeon(TM) Graphics (ID=0x1638)
    Vendor:   ATI
    VRAM:     6090 MB
    Driver:   31.0.12027.9001
Initialize mono
Mono path[0] = 'C:/Unity/Unity.ver/Installs/6000.0.35f1/Editor/Data/Managed'
Mono path[1] = 'C:/Unity/Unity.ver/Installs/6000.0.35f1/Editor/Data/MonoBleedingEdge/lib/mono/unityjit-win32'
Mono config path = 'C:/Unity/Unity.ver/Installs/6000.0.35f1/Editor/Data/MonoBleedingEdge/etc'
Using monoOptions --debugger-agent=transport=dt_socket,embedding=1,server=y,suspend=n,address=127.0.0.1:56980
Begin MonoManager ReloadAssembly
Registering precompiled unity dll's ...
Register platform support module: C:/Unity/Unity.ver/Installs/6000.0.35f1/Editor/Data/PlaybackEngines/WebGLSupport/UnityEditor.WebGL.Extensions.dll
Register platform support module: C:/Unity/Unity.ver/Installs/6000.0.35f1/Editor/Data/PlaybackEngines/WindowsStandaloneSupport/UnityEditor.WindowsStandalone.Extensions.dll
Registered in 0.005590 seconds.
- Loaded All Assemblies, in  0.439 seconds
Native extension for WindowsStandalone target not found
Native extension for WebGL target not found
Mono: successfully reloaded assembly
- Finished resetting the current domain, in  0.386 seconds
Domain Reload Profiling: 822ms
	BeginReloadAssembly (147ms)
		ExecutionOrderSort (0ms)
		DisableScriptedObjects (0ms)
		BackupInstance (0ms)
		ReleaseScriptingObjects (0ms)
		CreateAndSetChildDomain (1ms)
	RebuildCommonClasses (40ms)
	RebuildNativeTypeToScriptingClass (10ms)
	initialDomainReloadingComplete (60ms)
	LoadAllAssembliesAndSetupDomain (178ms)
		LoadAssemblies (145ms)
		RebuildTransferFunctionScriptingTraits (0ms)
		AnalyzeDomain (173ms)
			TypeCache.Refresh (171ms)
				TypeCache.ScanAssembly (156ms)
			BuildScriptInfoCaches (0ms)
			ResolveRequiredComponents (1ms)
	FinalizeReload (387ms)
		ReleaseScriptCaches (0ms)
		RebuildScriptCaches (0ms)
		SetupLoadedEditorAssemblies (350ms)
			LogAssemblyErrors (0ms)
			InitializePlatformSupportModulesInManaged (32ms)
			SetLoadedEditorAssemblies (7ms)
			BeforeProcessingInitializeOnLoad (61ms)
			ProcessInitializeOnLoadAttributes (183ms)
			ProcessInitializeOnLoadMethodAttributes (67ms)
			AfterProcessingInitializeOnLoad (0ms)
			EditorAssembliesLoaded (0ms)
		ExecutionOrderSort2 (0ms)
		AwakeInstancesAfterBackupRestoration (0ms)
Assembly reference Packages/com.unity.cinemachine/Editor/Samples/ExposeHDRPInternals/HDRP-Editor-ref.asmref has no target assembly definition
========================================================================
Worker process is ready to serve import requests
Import Worker Mode flag is 0x00
Assembly reference Packages/com.unity.cinemachine/Editor/Samples/ExposeHDRPInternals/HDRP-Editor-ref.asmref has no target assembly definition
Assembly reference Packages/com.unity.cinemachine/Editor/Samples/ExposeHDRPInternals/HDRP-Editor-ref.asmref has no target assembly definition
Begin MonoManager ReloadAssembly
- Loaded All Assemblies, in  0.928 seconds
Assembly reference Packages/com.unity.cinemachine/Editor/Samples/ExposeHDRPInternals/HDRP-Editor-ref.asmref has no target assembly definition
'Packages/com.unity.cinemachine/Editor/Obsolete/CinemachineVirtualCameraBaseEditor.cs' contains partial class of Unity.Object, exactly 1 of the partial classes needs to be in a file with the same filename. This is to know the one that can be referenced from ie. GameObjects
'Packages/com.unity.cinemachine/Editor/Editors/CinemachineVirtualCameraBaseEditor.cs' contains partial class of Unity.Object, exactly 1 of the partial classes needs to be in a file with the same filename. This is to know the one that can be referenced from ie. GameObjects
Refreshing native plugins compatible for Editor in 1.67 ms, found 3 plugins.
Native extension for WindowsStandalone target not found
Native extension for WebGL target not found
Assembly reference Packages/com.unity.cinemachine/Editor/Samples/ExposeHDRPInternals/HDRP-Editor-ref.asmref has no target assembly definition
Package Manager log level set to [2]
[Package Manager] Failed to launch server process. Reason: Unity was launched with the -noUpm command-line argument
[Package Manager] Unable to send message (not connected to server process).
[Package Manager] Cannot connect to Unity Package Manager local server
Mono: successfully reloaded assembly
- Finished resetting the current domain, in  0.923 seconds
Domain Reload Profiling: 1846ms
	BeginReloadAssembly (191ms)
		ExecutionOrderSort (0ms)
		DisableScriptedObjects (6ms)
		BackupInstance (0ms)
		ReleaseScriptingObjects (0ms)
		CreateAndSetChildDomain (41ms)
	RebuildCommonClasses (37ms)
	RebuildNativeTypeToScriptingClass (9ms)
	initialDomainReloadingComplete (42ms)
	LoadAllAssembliesAndSetupDomain (643ms)
		LoadAssemblies (466ms)
		RebuildTransferFunctionScriptingTraits (0ms)
		AnalyzeDomain (281ms)
			TypeCache.Refresh (214ms)
				TypeCache.ScanAssembly (192ms)
			BuildScriptInfoCaches (53ms)
			ResolveRequiredComponents (12ms)
	FinalizeReload (923ms)
		ReleaseScriptCaches (0ms)
		RebuildScriptCaches (0ms)
		SetupLoadedEditorAssemblies (741ms)
			LogAssemblyErrors (0ms)
			InitializePlatformSupportModulesInManaged (3ms)
			SetLoadedEditorAssemblies (7ms)
			BeforeProcessingInitializeOnLoad (170ms)
			ProcessInitializeOnLoadAttributes (463ms)
			ProcessInitializeOnLoadMethodAttributes (90ms)
			AfterProcessingInitializeOnLoad (7ms)
			EditorAssembliesLoaded (0ms)
		ExecutionOrderSort2 (0ms)
		AwakeInstancesAfterBackupRestoration (9ms)
Launched and connected shader compiler UnityShaderCompiler.exe after 0.02 seconds
Refreshing native plugins compatible for Editor in 1.84 ms, found 3 plugins.
Preloading 0 native plugins for Editor in 0.00 ms.
Unloading 214 Unused Serialized files (Serialized files now loaded: 0)
Unloading 6347 unused Assets / (4.9 MB). Loaded Objects now: 7049.
Memory consumption went from 165.2 MB to 160.3 MB.
Total: 12.270500 ms (FindLiveObjects: 0.895100 ms CreateObjectMapping: 1.679400 ms MarkObjects: 6.667200 ms  DeleteObjects: 3.027500 ms)

========================================================================
Received Import Request.
  Time since last request: 767134.978548 seconds.
  path: Assets/Script/Inimigos/EnemyMovement.cs
  artifactKey: Guid(8301a3799d5e965479c9f00c89b00c12) Importer(815301076,1909f56bfc062723c751e8b465ee728b)
Start importing Assets/Script/Inimigos/EnemyMovement.cs using Guid(8301a3799d5e965479c9f00c89b00c12) Importer(815301076,1909f56bfc062723c751e8b465ee728b) (PreviewImporter) -> (artifact id: 'cb059dc7b57244adf5b9ecdcad5904a2') in 0.0072065 seconds
Number of updated asset objects reloaded before import = 0Number of asset objects unloaded after import = 0

========================================================================
Received Import Request.
  Time since last request: 0.000025 seconds.
  path: Assets/Script/Inimigos/EnemyAttack.cs
  artifactKey: Guid(93cabb1e6647a6147bcafcb1ff1b7ac3) Importer(815301076,1909f56bfc062723c751e8b465ee728b)
Start importing Assets/Script/Inimigos/EnemyAttack.cs using Guid(93cabb1e6647a6147bcafcb1ff1b7ac3) Importer(815301076,1909f56bfc062723c751e8b465ee728b) (PreviewImporter) -> (artifact id: '479ab44d0aa7644004db54b8bab4b000') in 0.0006473 seconds
Number of updated asset objects reloaded before import = 0Number of asset objects unloaded after import = 0

========================================================================
Received Import Request.
  Time since last request: 61.708832 seconds.
  path: Assets/Script/Player/PlayerAttack.cs
  artifactKey: Guid(25c06a174f4772342b8282b18de31832) Importer(815301076,1909f56bfc062723c751e8b465ee728b)
Start importing Assets/Script/Player/PlayerAttack.cs using Guid(25c06a174f4772342b8282b18de31832) Importer(815301076,1909f56bfc062723c751e8b465ee728b) (PreviewImporter) -> (artifact id: '6502cff52413fec923a98d1509ff1d19') in 0.0016285 seconds
Number of updated asset objects reloaded before import = 0Number of asset objects unloaded after import = 0

========================================================================
Received Import Request.
  Time since last request: 0.000108 seconds.
  path: Assets/Script/Player/PlayerAttackCollision.cs
  artifactKey: Guid(5aabde38a715c4b42908017d8b4f973f) Importer(815301076,1909f56bfc062723c751e8b465ee728b)
Start importing Assets/Script/Player/PlayerAttackCollision.cs using Guid(5aabde38a715c4b42908017d8b4f973f) Importer(815301076,1909f56bfc062723c751e8b465ee728b) (PreviewImporter) -> (artifact id: '7d43e37717a6e423e7337c5723b26c90') in 0.0007673 seconds
Number of updated asset objects reloaded before import = 0Number of asset objects unloaded after import = 0

========================================================================
Received Import Request.
  Time since last request: 0.000021 seconds.
  path: Assets/Script/Player/PlayerHealth.cs
  artifactKey: Guid(c12fa8be9eada8449a9a8876509b4763) Importer(815301076,1909f56bfc062723c751e8b465ee728b)
Start importing Assets/Script/Player/PlayerHealth.cs using Guid(c12fa8be9eada8449a9a8876509b4763) Importer(815301076,1909f56bfc062723c751e8b465ee728b) (PreviewImporter) -> (artifact id: '7fe8167404880316ce64b35d42bf98ab') in 0.0006904 seconds
Number of updated asset objects reloaded before import = 0Number of asset objects unloaded after import = 0

========================================================================
Received Import Request.
  Time since last request: 7.770089 seconds.
  path: Assets/Script/Geração de Armas/Armas.cs
  artifactKey: Guid(824e4c1d1dd97394b9cf525ee7740615) Importer(815301076,1909f56bfc062723c751e8b465ee728b)
Start importing Assets/Script/Geração de Armas/Armas.cs using Guid(824e4c1d1dd97394b9cf525ee7740615) Importer(815301076,1909f56bfc062723c751e8b465ee728b) (PreviewImporter) -> (artifact id: '9313620485b0c594c886bf06df73d585') in 0.0014108 seconds
Number of updated asset objects reloaded before import = 0Number of asset objects unloaded after import = 0

========================================================================
Received Import Request.
  Time since last request: 1.825646 seconds.
  path: Assets/Script/Geração de Armas/ItemInstance.cs
  artifactKey: Guid(61ff22698430d7046910efa692392a21) Importer(815301076,1909f56bfc062723c751e8b465ee728b)
Start importing Assets/Script/Geração de Armas/ItemInstance.cs using Guid(61ff22698430d7046910efa692392a21) Importer(815301076,1909f56bfc062723c751e8b465ee728b) (PreviewImporter) -> (artifact id: '4101f8517473d47cfe67d59fd6a8b8f4') in 0.0009592 seconds
Number of updated asset objects reloaded before import = 0Number of asset objects unloaded after import = 0

========================================================================
Received Import Request.
  Time since last request: 0.779586 seconds.
  path: Assets/Script/Geração de Armas/ProceduralItens.cs
  artifactKey: Guid(155556792f5f4b7499e263d35c8c2497) Importer(815301076,1909f56bfc062723c751e8b465ee728b)
Start importing Assets/Script/Geração de Armas/ProceduralItens.cs using Guid(155556792f5f4b7499e263d35c8c2497) Importer(815301076,1909f56bfc062723c751e8b465ee728b) (PreviewImporter) -> (artifact id: 'f7958810324506b5eeb65c635e21ae43') in 0.0011346 seconds
Number of updated asset objects reloaded before import = 0Number of asset objects unloaded after import = 0

========================================================================
Received Import Request.
  Time since last request: 0.478508 seconds.
  path: Assets/Script/Geração de Armas/RandomParts.cs
  artifactKey: Guid(fb5bdb5b15ecec44faba7b8adfc9c9d2) Importer(815301076,1909f56bfc062723c751e8b465ee728b)
Start importing Assets/Script/Geração de Armas/RandomParts.cs using Guid(fb5bdb5b15ecec44faba7b8adfc9c9d2) Importer(815301076,1909f56bfc062723c751e8b465ee728b) (PreviewImporter) -> (artifact id: '4c118c8baf5b5543ed76065b0633b657') in 0.0010399 seconds
Number of updated asset objects reloaded before import = 0Number of asset objects unloaded after import = 0

========================================================================
Received Import Request.
  Time since last request: 2.445021 seconds.
  path: Assets/Script/Player/IsometricAiming.cs
  artifactKey: Guid(7d27d0d94e91ea445be7ac940823f425) Importer(815301076,1909f56bfc062723c751e8b465ee728b)
Start importing Assets/Script/Player/IsometricAiming.cs using Guid(7d27d0d94e91ea445be7ac940823f425) Importer(815301076,1909f56bfc062723c751e8b465ee728b) (PreviewImporter) -> (artifact id: '419a02c296c01dcbf3c2ecca1eca27e8') in 0.0009636 seconds
Number of updated asset objects reloaded before import = 0Number of asset objects unloaded after import = 0

========================================================================
Received Import Request.
  Time since last request: 2.272242 seconds.
  path: Assets/Script/Player/PlayerMovement.cs
  artifactKey: Guid(5ddf8b3c933a1cd73b6f7fa4de8e4364) Importer(815301076,1909f56bfc062723c751e8b465ee728b)
Start importing Assets/Script/Player/PlayerMovement.cs using Guid(5ddf8b3c933a1cd73b6f7fa4de8e4364) Importer(815301076,1909f56bfc062723c751e8b465ee728b) (PreviewImporter) -> (artifact id: 'e8d4bccf6d1994897e7bd4041c171086') in 0.0008449 seconds
Number of updated asset objects reloaded before import = 0Number of asset objects unloaded after import = 0

========================================================================
Received Import Request.
  Time since last request: 0.411006 seconds.
  path: Assets/Script/Procedural_Map/AbstractDungeonGenerator.cs
  artifactKey: Guid(1998d49dd2fc7e544904a8fea0291262) Importer(815301076,1909f56bfc062723c751e8b465ee728b)
Start importing Assets/Script/Procedural_Map/AbstractDungeonGenerator.cs using Guid(1998d49dd2fc7e544904a8fea0291262) Importer(815301076,1909f56bfc062723c751e8b465ee728b) (PreviewImporter) -> (artifact id: '8485465be1b18e2ddb8c7db0cca26321') in 0.0009785 seconds
Number of updated asset objects reloaded before import = 0Number of asset objects unloaded after import = 0

========================================================================
Received Import Request.
  Time since last request: 1.130591 seconds.
  path: Assets/Script/Procedural_Map/WallGenerator.cs
  artifactKey: Guid(895b5ef51c5d37b46b1283973adce222) Importer(815301076,1909f56bfc062723c751e8b465ee728b)
Start importing Assets/Script/Procedural_Map/WallGenerator.cs using Guid(895b5ef51c5d37b46b1283973adce222) Importer(815301076,1909f56bfc062723c751e8b465ee728b) (PreviewImporter) -> (artifact id: '266c403ebcd90dc961cc192943c8fc03') in 0.0008057 seconds
Number of updated asset objects reloaded before import = 0Number of asset objects unloaded after import = 0

========================================================================
Received Import Request.
  Time since last request: 0.541058 seconds.
  path: Assets/Script/Procedural_Map/SimpleRandomWalkDungeonGenerator.cs
  artifactKey: Guid(bae436716b9c1c144aecfd02f35ba895) Importer(815301076,1909f56bfc062723c751e8b465ee728b)
Start importing Assets/Script/Procedural_Map/SimpleRandomWalkDungeonGenerator.cs using Guid(bae436716b9c1c144aecfd02f35ba895) Importer(815301076,1909f56bfc062723c751e8b465ee728b) (PreviewImporter) -> (artifact id: '6e5bbfe7e1343e770e67c900fc8ba351') in 0.0008136 seconds
Number of updated asset objects reloaded before import = 0Number of asset objects unloaded after import = 0

========================================================================
Received Import Request.
  Time since last request: 0.827855 seconds.
  path: Assets/Script/Procedural_Map/RoomFirstDungeonGenerator.cs
  artifactKey: Guid(d25d81343e968a64ba4f347c9ec1c1a5) Importer(815301076,1909f56bfc062723c751e8b465ee728b)
Start importing Assets/Script/Procedural_Map/RoomFirstDungeonGenerator.cs using Guid(d25d81343e968a64ba4f347c9ec1c1a5) Importer(815301076,1909f56bfc062723c751e8b465ee728b) (PreviewImporter) -> (artifact id: 'e715c5738aba42a27c1aeffab0d3fabe') in 0.0010739 seconds
Number of updated asset objects reloaded before import = 0Number of asset objects unloaded after import = 0

========================================================================
Received Import Request.
  Time since last request: 0.544328 seconds.
  path: Assets/Script/Procedural_Map/ProceduralGenerationAlgorithms.cs
  artifactKey: Guid(5049956589a10fa4ea73369a4e8a0cbd) Importer(815301076,1909f56bfc062723c751e8b465ee728b)
Start importing Assets/Script/Procedural_Map/ProceduralGenerationAlgorithms.cs using Guid(5049956589a10fa4ea73369a4e8a0cbd) Importer(815301076,1909f56bfc062723c751e8b465ee728b) (PreviewImporter) -> (artifact id: 'c33d47ebabc28b8bdca7c144ed1990f2') in 0.0008465 seconds
Number of updated asset objects reloaded before import = 0Number of asset objects unloaded after import = 0

========================================================================
Received Import Request.
  Time since last request: 0.460353 seconds.
  path: Assets/Script/Procedural_Map/MapInstantiate.cs
  artifactKey: Guid(b2d8d3d5a3241fd47b419a3f4978162b) Importer(815301076,1909f56bfc062723c751e8b465ee728b)
Start importing Assets/Script/Procedural_Map/MapInstantiate.cs using Guid(b2d8d3d5a3241fd47b419a3f4978162b) Importer(815301076,1909f56bfc062723c751e8b465ee728b) (PreviewImporter) -> (artifact id: '8a8950884a8d4455e8d5a0ec10c207d7') in 0.0007263 seconds
Number of updated asset objects reloaded before import = 0Number of asset objects unloaded after import = 0

========================================================================
Received Import Request.
  Time since last request: 4.499574 seconds.
  path: Assets/testeprocedura.unity
  artifactKey: Guid(416389983f7e29344b66870601da5945) Importer(815301076,1909f56bfc062723c751e8b465ee728b)
Start importing Assets/testeprocedura.unity using Guid(416389983f7e29344b66870601da5945) Importer(815301076,1909f56bfc062723c751e8b465ee728b) (PreviewImporter) -> (artifact id: '275b213948c86790138908ce1b9b770b') in 0.0009016 seconds
Number of updated asset objects reloaded before import = 0Number of asset objects unloaded after import = 0

